<?xml version="1.0" encoding="UTF-8"?>
<!-- Generated by org.testng.reporters.JUnitReportReporter -->
<testsuite hostname="DESKTOP-4CFHULB" failures="0" tests="2" name="products_test.AddProductTest" time="72.746" errors="0" timestamp="2020-05-16T15:34:34 CEST" skipped="0">
  <testcase classname="products_test.AddProductTest" name="uploadProduct" time="14.336"/>
  <system-out/>
  <testcase classname="products_test.AddProductTest" name="uploadProductsFromExcel" time="58.410"/>
  <system-out/>
</testsuite> <!-- products_test.AddProductTest -->
