<?xml version="1.0" encoding="UTF-8"?>
<!-- Generated by org.testng.reporters.JUnitReportReporter -->
<testsuite hostname="DESKTOP-4CFHULB" failures="0" tests="1" name="products_test.EditProductTest" time="23.947" errors="0" timestamp="2020-05-16T15:34:34 CEST" skipped="0">
  <testcase classname="products_test.EditProductTest" name="increaseProductPriceTest" time="23.947"/>
  <system-out/>
</testsuite> <!-- products_test.EditProductTest -->
