<?xml version="1.0" encoding="UTF-8"?>
<!-- Generated by org.testng.reporters.JUnitReportReporter -->
<testsuite hostname="DESKTOP-4CFHULB" failures="0" tests="2" name="products_test.AddProductTest" time="77.269" errors="0" timestamp="2020-05-16T15:37:28 CEST" skipped="0">
  <testcase classname="products_test.AddProductTest" name="uploadProduct" time="18.641"/>
  <system-out/>
  <testcase classname="products_test.AddProductTest" name="uploadProductsFromExcel" time="58.628"/>
  <system-out/>
</testsuite> <!-- products_test.AddProductTest -->
