<?xml version="1.0" encoding="UTF-8"?>
<!-- Generated by org.testng.reporters.JUnitReportReporter -->
<testsuite hostname="DESKTOP-4CFHULB" failures="0" tests="1" name="products_test.EditProductTest" time="24.716" errors="0" timestamp="2020-05-12T00:39:39 CEST" skipped="0">
  <testcase classname="products_test.EditProductTest" name="increaseProductPriceTest" time="24.716"/>
  <system-out/>
</testsuite> <!-- products_test.EditProductTest -->
