<?xml version="1.0" encoding="UTF-8"?>
<!-- Generated by org.testng.reporters.JUnitReportReporter -->
<testsuite hostname="DESKTOP-4CFHULB" failures="0" tests="2" name="registration_login_test.LogInTest" time="16.694" errors="0" timestamp="2020-05-11T23:35:03 CEST" skipped="0">
  <testcase classname="registration_login_test.LogInTest" name="logIn2_RegisteredUser" time="6.569"/>
  <system-out/>
  <testcase classname="registration_login_test.LogInTest" name="logIn1_WithoutReg" time="10.125"/>
  <system-out/>
</testsuite> <!-- registration_login_test.LogInTest -->
