<?xml version="1.0" encoding="UTF-8"?>
<!-- Generated by org.testng.reporters.JUnitReportReporter -->
<testsuite hostname="DESKTOP-4CFHULB" failures="0" tests="1" name="registration_login_test.AddProductTest" time="14.243" errors="0" timestamp="2020-05-09T21:49:42 CEST" skipped="0">
  <testcase classname="registration_login_test.AddProductTest" name="increaseProductPriceTest" time="14.243"/>
  <system-out/>
</testsuite> <!-- registration_login_test.AddProductTest -->
