<?xml version="1.0" encoding="UTF-8"?>
<!-- Generated by org.testng.reporters.JUnitReportReporter -->
<testsuite hostname="DESKTOP-4CFHULB" failures="0" tests="1" name="registration_login_test.NewTest" time="32.847" errors="0" timestamp="2020-05-07T23:12:29 CEST" skipped="0">
  <testcase classname="registration_login_test.NewTest" name="register30Users" time="32.847"/>
  <system-out/>
</testsuite> <!-- registration_login_test.NewTest -->
